SF:C:\Users\JamesDraycott\OneDrive - AMT\Documents\Repos\scripts\src\Compiler\CompiledScript.cs
FN:60,System.String CompiledScript::Compile()
FNDA:0,System.String CompiledScript::Compile()
DA:61,0
DA:62,0
DA:64,0
DA:65,0
DA:66,0
DA:67,0
DA:69,0
DA:70,0
DA:71,0
DA:72,0
DA:73,0
DA:75,0
DA:77,0
DA:79,0
DA:80,0
FN:82,System.Void CompiledScript::ResolveRequirements()
FNDA:0,System.Void CompiledScript::ResolveRequirements()
DA:83,0
DA:84,0
DA:85,0
DA:87,0
DA:88,0
DA:89,0
DA:90,0
DA:91,0
DA:92,0
DA:93,0
DA:94,0
DA:97,0
DA:100,0
DA:101,0
DA:102,0
DA:104,0
DA:105,0
DA:106,0
DA:109,0
DA:110,0
DA:111,0
DA:112,0
DA:113,0
DA:115,0
DA:116,0
DA:118,0
DA:119,0
DA:120,0
DA:121,0
DA:122,0
DA:123,0
DA:124,0
DA:125,0
DA:126,0
DA:127,0
DA:128,0
DA:129,0
DA:130,0
DA:131,0
DA:132,0
DA:133,0
DA:134,0
DA:135,0
DA:136,0
DA:138,0
DA:139,0
DA:140,0
DA:141,0
DA:142,0
DA:143,0
DA:144,0
DA:145,0
DA:146,0
DA:163,0
DA:164,0
DA:165,0
DA:166,0
DA:167,0
DA:168,0
DA:169,0
DA:170,0
DA:171,0
DA:172,0
DA:173,0
DA:175,0
DA:176,0
DA:177,0
DA:178,0
DA:180,0
DA:181,0
DA:182,0
DA:183,0
DA:184,0
DA:185,0
DA:186,0
DA:187,0
DA:188,0
DA:189,0
DA:190,0
DA:191,0
DA:193,0
DA:194,0
DA:195,0
DA:196,0
DA:198,0
DA:199,0
DA:200,0
DA:201,0
DA:202,0
DA:203,0
DA:204,0
DA:205,0
DA:206,0
DA:207,0
BRDA:88,82,0,0
BRDA:88,82,1,0
BRDA:88,101,0,0
BRDA:91,159,0,0
BRDA:91,159,1,0
BRDA:91,187,0,0
BRDA:91,187,1,0
BRDA:97,257,0,0
BRDA:97,257,1,0
BRDA:97,270,1,0
BRDA:97,270,0,0
BRDA:109,396,0,0
BRDA:109,396,1,0
BRDA:88,101,1,0
BRDA:164,810,1,0
BRDA:166,783,1,0
BRDA:168,741,0,0
BRDA:168,741,1,0
BRDA:168,768,0,0
BRDA:168,768,1,0
BRDA:166,783,0,0
BRDA:164,810,0,0
BRDA:175,840,0,0
BRDA:175,840,1,0
BRDA:193,950,0,0
BRDA:193,950,1,0
BRDA:140,12,0,0
BRDA:140,12,1,0
BRDA:185,7,0,0
BRDA:185,7,1,0
BRDA:187,40,0,0
BRDA:187,40,1,0
BRDA:202,27,0,0
BRDA:202,27,1,0
BRDA:124,55,0,0
BRDA:124,55,1,0
FN:209,System.String CompiledScript::GetModuleTable()
FNDA:0,System.String CompiledScript::GetModuleTable()
DA:210,0
DA:211,0
DA:212,0
DA:213,0
DA:214,0
DA:216,0
DA:217,0
FN:33,System.Void CompiledScript::<.ctor>b__4_1(System.Management.Automation.Language.AttributeAst)
FNDA:0,System.Void CompiledScript::<.ctor>b__4_1(System.Management.Automation.Language.AttributeAst)
DA:34,0
DA:35,0
DA:36,0
DA:37,0
DA:38,0
DA:39,0
DA:40,0
DA:41,0
DA:42,0
FN:48,System.Void CompiledScript::<.ctor>b__4_3(System.Management.Automation.Language.Ast)
FNDA:0,System.Void CompiledScript::<.ctor>b__4_3(System.Management.Automation.Language.Ast)
DA:49,0
DA:50,0
DA:51,0
DA:52,0
DA:53,0
DA:54,0
DA:55,0
DA:56,0
DA:57,0
FN:11,System.Void CompiledScript::.ctor(System.String,System.String[])
FNDA:0,System.Void CompiledScript::.ctor(System.String,System.String[])
DA:12,0
DA:13,0
DA:16,0
DA:17,0
DA:19,0
DA:20,0
DA:21,0
DA:22,0
DA:25,0
DA:26,0
DA:27,0
DA:28,0
DA:29,0
DA:30,0
DA:31,0
DA:32,0
DA:33,0
DA:44,0
DA:47,0
DA:48,0
DA:58,0
BRDA:19,93,1,0
BRDA:19,93,0,0
BRDA:47,8,0,0
BRDA:47,8,1,0
FN:10,System.Void CompiledScript::.cctor()
FNDA:0,System.Void CompiledScript::.cctor()
DA:11,0
LF:156
LH:0
BRF:40
BRH:0
FNF:7
FNH:0
end_of_record
SF:C:\Users\JamesDraycott\OneDrive - AMT\Documents\Repos\scripts\src\Compiler\Program.cs
FN:25,System.Void Program::Main(System.String[])
FNDA:0,System.Void Program::Main(System.String[])
DA:26,0
DA:27,0
DA:28,0
DA:29,0
DA:30,0
DA:31,0
DA:32,0
DA:33,0
DA:34,0
DA:35,0
DA:36,0
DA:37,0
DA:38,0
DA:39,0
DA:40,0
DA:41,0
DA:42,0
DA:43,0
BRDA:34,56,0,0
BRDA:34,56,1,0
FN:45,System.String Program::CompileScript(System.String)
FNDA:0,System.String Program::CompileScript(System.String)
DA:46,0
DA:47,0
DA:48,0
DA:50,0
DA:51,0
DA:53,0
DA:54,0
DA:55,0
FN:7,System.Void Program::.cctor()
FNDA:0,System.Void Program::.cctor()
DA:8,0
FN:12,System.Boolean Program/Options::get_Verbose()
FNDA:0,System.Boolean Program/Options::get_Verbose()
DA:13,0
FN:15,System.String Program/Options::get_InputFile()
FNDA:0,System.String Program/Options::get_InputFile()
DA:16,0
FN:18,System.String Program/Options::get_OutputFile()
FNDA:0,System.String Program/Options::get_OutputFile()
DA:19,0
FN:21,System.Boolean Program/Options::get_Force()
FNDA:0,System.Boolean Program/Options::get_Force()
DA:22,0
FN:57,System.Void Program/<OutputToFile>d__4::MoveNext()
FNDA:0,System.Void Program/<OutputToFile>d__4::MoveNext()
DA:58,0
DA:59,0
DA:60,0
DA:62,0
DA:63,0
DA:67,0
DA:68,0
DA:71,0
DA:72,0
DA:73,0
DA:75,0
DA:76,0
DA:77,0
DA:79,0
DA:80,0
DA:82,0
DA:83,0
DA:84,0
DA:87,0
DA:88,0
DA:89,0
DA:90,0
BRDA:59,36,0,0
BRDA:59,36,1,0
BRDA:67,94,0,0
BRDA:72,125,0,0
BRDA:76,151,0,0
BRDA:76,151,1,0
BRDA:72,125,1,0
BRDA:79,196,0,0
BRDA:79,196,1,0
BRDA:67,94,1,0
LF:53
LH:0
BRF:12
BRH:0
FNF:8
FNH:0
end_of_record
SF:C:\Users\JamesDraycott\OneDrive - AMT\Documents\Repos\scripts\src\Compiler\obj\Debug\System.Text.RegularExpressions.Generator\System.Text.RegularExpressions.Generator.RegexGenerator\RegexGenerator.g.cs
FN:69,System.Void System.Text.RegularExpressions.Generated.<RegexGenerator_g>F519C13F00B9FA720409C05E8D83BA9D3B1F845AA7A92F2DA40D13CD914EA47FD__RequiresStatementRegex_0::.ctor()
FNDA:0,System.Void System.Text.RegularExpressions.Generated.<RegexGenerator_g>F519C13F00B9FA720409C05E8D83BA9D3B1F845AA7A92F2DA40D13CD914EA47FD__RequiresStatementRegex_0::.ctor()
DA:70,0
DA:71,0
DA:72,0
DA:73,0
DA:74,0
DA:75,0
DA:76,0
DA:77,0
DA:78,0
DA:79,0
DA:80,0
FN:66,System.Void System.Text.RegularExpressions.Generated.<RegexGenerator_g>F519C13F00B9FA720409C05E8D83BA9D3B1F845AA7A92F2DA40D13CD914EA47FD__RequiresStatementRegex_0::.cctor()
FNDA:0,System.Void System.Text.RegularExpressions.Generated.<RegexGenerator_g>F519C13F00B9FA720409C05E8D83BA9D3B1F845AA7A92F2DA40D13CD914EA47FD__RequiresStatementRegex_0::.cctor()
DA:67,0
FN:85,System.Text.RegularExpressions.RegexRunner System.Text.RegularExpressions.Generated.<RegexGenerator_g>F519C13F00B9FA720409C05E8D83BA9D3B1F845AA7A92F2DA40D13CD914EA47FD__RequiresStatementRegex_0/RunnerFactory::CreateInstance()
FNDA:0,System.Text.RegularExpressions.RegexRunner System.Text.RegularExpressions.Generated.<RegexGenerator_g>F519C13F00B9FA720409C05E8D83BA9D3B1F845AA7A92F2DA40D13CD914EA47FD__RequiresStatementRegex_0/RunnerFactory::CreateInstance()
DA:86,0
FN:93,System.Void System.Text.RegularExpressions.Generated.<RegexGenerator_g>F519C13F00B9FA720409C05E8D83BA9D3B1F845AA7A92F2DA40D13CD914EA47FD__RequiresStatementRegex_0/RunnerFactory/Runner::Scan(System.ReadOnlySpan`1<System.Char>)
FNDA:0,System.Void System.Text.RegularExpressions.Generated.<RegexGenerator_g>F519C13F00B9FA720409C05E8D83BA9D3B1F845AA7A92F2DA40D13CD914EA47FD__RequiresStatementRegex_0/RunnerFactory/Runner::Scan(System.ReadOnlySpan`1<System.Char>)
DA:94,0
DA:96,0
DA:97,0
DA:98,0
DA:99,0
DA:100,0
BRDA:96,8,0,0
BRDA:96,8,1,0
BRDA:96,25,0,0
BRDA:96,25,1,0
FN:105,System.Boolean System.Text.RegularExpressions.Generated.<RegexGenerator_g>F519C13F00B9FA720409C05E8D83BA9D3B1F845AA7A92F2DA40D13CD914EA47FD__RequiresStatementRegex_0/RunnerFactory/Runner::TryFindNextPossibleStartingPosition(System.ReadOnlySpan`1<System.Char>)
FNDA:0,System.Boolean System.Text.RegularExpressions.Generated.<RegexGenerator_g>F519C13F00B9FA720409C05E8D83BA9D3B1F845AA7A92F2DA40D13CD914EA47FD__RequiresStatementRegex_0/RunnerFactory/Runner::TryFindNextPossibleStartingPosition(System.ReadOnlySpan`1<System.Char>)
DA:106,0
DA:107,0
DA:110,0
DA:111,0
DA:113,0
DA:114,0
DA:115,0
DA:117,0
DA:120,0
DA:121,0
DA:122,0
BRDA:110,26,0,0
BRDA:113,35,0,0
BRDA:113,35,1,0
BRDA:110,26,1,0
FN:127,System.Boolean System.Text.RegularExpressions.Generated.<RegexGenerator_g>F519C13F00B9FA720409C05E8D83BA9D3B1F845AA7A92F2DA40D13CD914EA47FD__RequiresStatementRegex_0/RunnerFactory/Runner::TryMatchAtCurrentPosition(System.ReadOnlySpan`1<System.Char>)
FNDA:0,System.Boolean System.Text.RegularExpressions.Generated.<RegexGenerator_g>F519C13F00B9FA720409C05E8D83BA9D3B1F845AA7A92F2DA40D13CD914EA47FD__RequiresStatementRegex_0/RunnerFactory/Runner::TryMatchAtCurrentPosition(System.ReadOnlySpan`1<System.Char>)
DA:128,0
DA:129,0
DA:130,0
DA:131,0
DA:132,0
DA:133,0
DA:134,0
DA:135,0
DA:138,0
DA:139,0
DA:140,0
DA:141,0
DA:145,0
DA:146,0
DA:147,0
DA:148,0
DA:149,0
DA:150,0
DA:152,0
DA:153,0
DA:154,0
DA:157,0
DA:158,0
DA:159,0
DA:160,0
DA:164,0
DA:165,0
DA:166,0
DA:167,0
DA:170,0
DA:171,0
DA:172,0
DA:173,0
DA:174,0
DA:175,0
DA:177,0
DA:178,0
DA:179,0
DA:180,0
DA:183,0
DA:184,0
DA:185,0
DA:187,0
DA:188,0
DA:191,0
DA:192,0
DA:193,0
DA:194,0
DA:199,0
DA:200,0
DA:201,0
DA:205,0
DA:207,0
DA:208,0
DA:209,0
DA:210,0
DA:211,0
DA:213,0
DA:214,0
DA:215,0
DA:216,0
DA:219,0
DA:220,0
DA:222,0
DA:223,0
DA:224,0
DA:226,0
DA:227,0
DA:229,0
DA:230,0
DA:231,0
DA:232,0
DA:234,0
DA:235,0
DA:236,0
DA:237,0
DA:239,0
DA:240,0
DA:242,0
DA:243,0
DA:246,0
DA:248,0
DA:250,0
DA:251,0
DA:253,0
DA:257,0
DA:258,0
DA:259,0
DA:263,0
DA:264,0
DA:265,0
DA:276,0
BRDA:138,41,0,0
BRDA:138,41,1,0
BRDA:147,107,1,0
BRDA:147,83,0,0
BRDA:147,83,1,0
BRDA:147,107,0,0
BRDA:157,150,0,0
BRDA:157,150,1,0
BRDA:172,210,0,0
BRDA:172,210,1,0
BRDA:177,232,0,0
BRDA:177,232,1,0
BRDA:191,286,0,0
BRDA:191,286,1,0
BRDA:191,311,0,0
BRDA:191,311,1,0
BRDA:208,369,0,0
BRDA:208,369,1,0
BRDA:213,391,0,0
BRDA:213,391,1,0
BRDA:229,456,0,0
BRDA:229,456,1,0
BRDA:234,480,0,0
BRDA:234,480,1,0
BRDA:257,550,0,0
BRDA:257,560,0,0
BRDA:257,560,1,0
BRDA:257,550,1,0
BRDA:257,588,0,0
BRDA:257,588,1,0
FN:269,System.Void System.Text.RegularExpressions.Generated.<RegexGenerator_g>F519C13F00B9FA720409C05E8D83BA9D3B1F845AA7A92F2DA40D13CD914EA47FD__RequiresStatementRegex_0/RunnerFactory/Runner::<TryMatchAtCurrentPosition>g__UncaptureUntil|2_0(System.Int32)
FNDA:0,System.Void System.Text.RegularExpressions.Generated.<RegexGenerator_g>F519C13F00B9FA720409C05E8D83BA9D3B1F845AA7A92F2DA40D13CD914EA47FD__RequiresStatementRegex_0/RunnerFactory/Runner::<TryMatchAtCurrentPosition>g__UncaptureUntil|2_0(System.Int32)
DA:270,0
DA:271,0
DA:272,0
DA:273,0
DA:274,0
DA:275,0
BRDA:271,23,1,0
BRDA:271,23,0,0
FN:289,System.Void System.Text.RegularExpressions.Generated.<RegexGenerator_g>F519C13F00B9FA720409C05E8D83BA9D3B1F845AA7A92F2DA40D13CD914EA47FD__BeginingWhitespaceMatchRegex_1::.ctor()
FNDA:0,System.Void System.Text.RegularExpressions.Generated.<RegexGenerator_g>F519C13F00B9FA720409C05E8D83BA9D3B1F845AA7A92F2DA40D13CD914EA47FD__BeginingWhitespaceMatchRegex_1::.ctor()
DA:290,0
DA:291,0
DA:292,0
DA:293,0
DA:294,0
DA:295,0
DA:296,0
DA:297,0
DA:298,0
FN:286,System.Void System.Text.RegularExpressions.Generated.<RegexGenerator_g>F519C13F00B9FA720409C05E8D83BA9D3B1F845AA7A92F2DA40D13CD914EA47FD__BeginingWhitespaceMatchRegex_1::.cctor()
FNDA:0,System.Void System.Text.RegularExpressions.Generated.<RegexGenerator_g>F519C13F00B9FA720409C05E8D83BA9D3B1F845AA7A92F2DA40D13CD914EA47FD__BeginingWhitespaceMatchRegex_1::.cctor()
DA:287,0
FN:303,System.Text.RegularExpressions.RegexRunner System.Text.RegularExpressions.Generated.<RegexGenerator_g>F519C13F00B9FA720409C05E8D83BA9D3B1F845AA7A92F2DA40D13CD914EA47FD__BeginingWhitespaceMatchRegex_1/RunnerFactory::CreateInstance()
FNDA:0,System.Text.RegularExpressions.RegexRunner System.Text.RegularExpressions.Generated.<RegexGenerator_g>F519C13F00B9FA720409C05E8D83BA9D3B1F845AA7A92F2DA40D13CD914EA47FD__BeginingWhitespaceMatchRegex_1/RunnerFactory::CreateInstance()
DA:304,0
FN:311,System.Void System.Text.RegularExpressions.Generated.<RegexGenerator_g>F519C13F00B9FA720409C05E8D83BA9D3B1F845AA7A92F2DA40D13CD914EA47FD__BeginingWhitespaceMatchRegex_1/RunnerFactory/Runner::Scan(System.ReadOnlySpan`1<System.Char>)
FNDA:0,System.Void System.Text.RegularExpressions.Generated.<RegexGenerator_g>F519C13F00B9FA720409C05E8D83BA9D3B1F845AA7A92F2DA40D13CD914EA47FD__BeginingWhitespaceMatchRegex_1/RunnerFactory/Runner::Scan(System.ReadOnlySpan`1<System.Char>)
DA:312,0
DA:314,0
DA:315,0
DA:316,0
DA:317,0
DA:318,0
BRDA:314,8,0,0
BRDA:314,8,1,0
BRDA:314,25,0,0
BRDA:314,25,1,0
FN:323,System.Boolean System.Text.RegularExpressions.Generated.<RegexGenerator_g>F519C13F00B9FA720409C05E8D83BA9D3B1F845AA7A92F2DA40D13CD914EA47FD__BeginingWhitespaceMatchRegex_1/RunnerFactory/Runner::TryFindNextPossibleStartingPosition(System.ReadOnlySpan`1<System.Char>)
FNDA:0,System.Boolean System.Text.RegularExpressions.Generated.<RegexGenerator_g>F519C13F00B9FA720409C05E8D83BA9D3B1F845AA7A92F2DA40D13CD914EA47FD__BeginingWhitespaceMatchRegex_1/RunnerFactory/Runner::TryFindNextPossibleStartingPosition(System.ReadOnlySpan`1<System.Char>)
DA:324,0
DA:325,0
DA:328,0
DA:329,0
DA:330,0
DA:334,0
DA:335,0
DA:336,0
BRDA:328,14,0,0
BRDA:328,14,1,0
FN:341,System.Boolean System.Text.RegularExpressions.Generated.<RegexGenerator_g>F519C13F00B9FA720409C05E8D83BA9D3B1F845AA7A92F2DA40D13CD914EA47FD__BeginingWhitespaceMatchRegex_1/RunnerFactory/Runner::TryMatchAtCurrentPosition(System.ReadOnlySpan`1<System.Char>)
FNDA:0,System.Boolean System.Text.RegularExpressions.Generated.<RegexGenerator_g>F519C13F00B9FA720409C05E8D83BA9D3B1F845AA7A92F2DA40D13CD914EA47FD__BeginingWhitespaceMatchRegex_1/RunnerFactory/Runner::TryMatchAtCurrentPosition(System.ReadOnlySpan`1<System.Char>)
DA:342,0
DA:343,0
DA:344,0
DA:345,0
DA:348,0
DA:349,0
DA:350,0
DA:354,0
DA:355,0
DA:356,0
DA:357,0
DA:358,0
DA:359,0
DA:361,0
DA:362,0
DA:363,0
DA:366,0
DA:367,0
DA:368,0
DA:369,0
BRDA:348,25,0,0
BRDA:348,25,1,0
BRDA:356,80,1,0
BRDA:356,56,0,0
BRDA:356,56,1,0
BRDA:356,80,0,0
FN:379,System.Void System.Text.RegularExpressions.Generated.<RegexGenerator_g>F519C13F00B9FA720409C05E8D83BA9D3B1F845AA7A92F2DA40D13CD914EA47FD__Utilities::.cctor()
FNDA:0,System.Void System.Text.RegularExpressions.Generated.<RegexGenerator_g>F519C13F00B9FA720409C05E8D83BA9D3B1F845AA7A92F2DA40D13CD914EA47FD__Utilities::.cctor()
DA:380,0
DA:383,0
BRDA:380,17,0,0
BRDA:380,17,1,0
FN:27,System.Text.RegularExpressions.Regex Compiler.Module.LocalFileModule::RequiresStatementRegex()
FNDA:0,System.Text.RegularExpressions.Regex Compiler.Module.LocalFileModule::RequiresStatementRegex()
DA:28,0
FN:45,System.Text.RegularExpressions.Regex Compiler.Module.LocalFileModule::BeginingWhitespaceMatchRegex()
FNDA:0,System.Text.RegularExpressions.Regex Compiler.Module.LocalFileModule::BeginingWhitespaceMatchRegex()
DA:46,0
LF:177
LH:0
BRF:54
BRH:0
FNF:16
FNH:0
end_of_record
SF:C:\Users\JamesDraycott\OneDrive - AMT\Documents\Repos\scripts\src\Compiler\Text\Document.cs
FN:9,System.Collections.Generic.List`1<System.String> Text.TextDocument::get_Lines()
FNDA:369,System.Collections.Generic.List`1<System.String> Text.TextDocument::get_Lines()
DA:10,369
FN:7,System.Void Text.TextDocument::.ctor(System.String[])
FNDA:48,System.Void Text.TextDocument::.ctor(System.String[])
DA:8,48
FN:16,Text.TextDocument Text.TextEditor::get_Document()
FNDA:42,Text.TextDocument Text.TextEditor::get_Document()
DA:17,42
FN:17,System.Collections.Generic.List`1<Text.Updater.TextSpanUpdater> Text.TextEditor::get_TextUpdaters()
FNDA:44,System.Collections.Generic.List`1<Text.Updater.TextSpanUpdater> Text.TextEditor::get_TextUpdaters()
DA:18,44
FN:18,System.Boolean Text.TextEditor::get_EditApplied()
FNDA:75,System.Boolean Text.TextEditor::get_EditApplied()
DA:19,75
FN:21,System.Void Text.TextEditor::AddEdit(System.Func`1<Text.Updater.TextSpanUpdater>)
FNDA:14,System.Void Text.TextEditor::AddEdit(System.Func`1<Text.Updater.TextSpanUpdater>)
DA:22,14
DA:23,14
DA:24,13
DA:25,13
DA:26,13
FN:31,System.Void Text.TextEditor::AddPatternEdit(System.String,System.String,System.Func`2<System.String[],System.String[]>)
FNDA:3,System.Void Text.TextEditor::AddPatternEdit(System.String,System.String,System.Func`2<System.String[],System.String[]>)
DA:32,3
FN:38,System.Void Text.TextEditor::AddPatternEdit(System.String,System.String,Text.UpdateOptions,System.Func`2<System.String[],System.String[]>)
FNDA:6,System.Void Text.TextEditor::AddPatternEdit(System.String,System.String,Text.UpdateOptions,System.Func`2<System.String[],System.String[]>)
DA:39,6
DA:40,6
DA:41,6
DA:42,6
DA:43,6
DA:44,6
FN:48,System.Void Text.TextEditor::AddRegexEdit(System.String,System.Func`2<System.Text.RegularExpressions.Match,System.String>)
FNDA:2,System.Void Text.TextEditor::AddRegexEdit(System.String,System.Func`2<System.Text.RegularExpressions.Match,System.String>)
DA:49,2
FN:54,System.Void Text.TextEditor::AddRegexEdit(System.String,Text.UpdateOptions,System.Func`2<System.Text.RegularExpressions.Match,System.String>)
FNDA:10,System.Void Text.TextEditor::AddRegexEdit(System.String,Text.UpdateOptions,System.Func`2<System.Text.RegularExpressions.Match,System.String>)
DA:55,10
DA:56,10
DA:57,10
DA:58,10
DA:59,10
FN:66,System.Void Text.TextEditor::AddExactEdit(System.Int32,System.Int32,System.Int32,System.Int32,System.Func`2<System.String[],System.String[]>)
FNDA:6,System.Void Text.TextEditor::AddExactEdit(System.Int32,System.Int32,System.Int32,System.Int32,System.Func`2<System.String[],System.String[]>)
DA:67,6
DA:68,6
DA:69,6
DA:70,6
DA:71,6
DA:72,6
DA:73,6
DA:74,6
FN:82,System.Void Text.TextEditor::AddExactEdit(System.Int32,System.Int32,System.Int32,System.Int32,Text.UpdateOptions,System.Func`2<System.String[],System.String[]>)
FNDA:11,System.Void Text.TextEditor::AddExactEdit(System.Int32,System.Int32,System.Int32,System.Int32,Text.UpdateOptions,System.Func`2<System.String[],System.String[]>)
DA:83,11
DA:84,11
DA:85,11
DA:86,11
DA:87,11
DA:88,11
DA:89,11
DA:90,11
FN:92,System.Void Text.TextEditor::ApplyEdits()
FNDA:16,System.Void Text.TextEditor::ApplyEdits()
DA:93,16
DA:94,16
DA:96,15
DA:97,15
DA:98,71
DA:99,13
DA:100,13
DA:101,13
DA:102,13
DA:103,13
DA:105,15
DA:106,15
BRDA:98,155,1,13
BRDA:98,155,0,15
FN:108,System.String Text.TextEditor::GetContent(System.Int32)
FNDA:14,System.String Text.TextEditor::GetContent(System.Int32)
DA:109,14
DA:110,14
DA:111,1
DA:112,1
DA:115,13
DA:116,38
DA:117,13
DA:118,13
BRDA:110,18,0,1
BRDA:110,18,1,13
FN:120,System.Void Text.TextEditor::VerifyNotAppliedOrError()
FNDA:30,System.Void Text.TextEditor::VerifyNotAppliedOrError()
DA:121,30
DA:122,30
DA:123,2
DA:124,2
DA:126,28
BRDA:122,9,0,2
BRDA:122,9,1,28
FN:12,System.Void Text.TextEditor::.ctor(Text.TextDocument)
FNDA:16,System.Void Text.TextEditor::.ctor(Text.TextDocument)
DA:13,16
FN:14,System.Void Text.TextEditor::.cctor()
FNDA:1,System.Void Text.TextEditor::.cctor()
DA:15,1
LF:66
LH:66
BRF:6
BRH:6
FNF:17
FNH:17
end_of_record
SF:C:\Users\JamesDraycott\OneDrive - AMT\Documents\Repos\scripts\src\Compiler\Text\Span.cs
FN:25,System.Int32 Text.TextSpan::get_StartingIndex()
FNDA:323,System.Int32 Text.TextSpan::get_StartingIndex()
DA:26,323
FN:26,System.Int32 Text.TextSpan::get_StartingColumn()
FNDA:117,System.Int32 Text.TextSpan::get_StartingColumn()
DA:27,117
FN:27,System.Int32 Text.TextSpan::get_EndingIndex()
FNDA:262,System.Int32 Text.TextSpan::get_EndingIndex()
DA:28,262
FN:28,System.Int32 Text.TextSpan::get_EndingColumn()
FNDA:117,System.Int32 Text.TextSpan::get_EndingColumn()
DA:29,117
FN:31,Text.TextSpan Text.TextSpan::WrappingEntireDocument(Text.TextDocument)
FNDA:4,Text.TextSpan Text.TextSpan::WrappingEntireDocument(Text.TextDocument)
DA:32,4
DA:33,4
DA:34,4
FN:36,System.Boolean Text.TextSpan::Contains(System.Int32,System.Int32)
FNDA:7,System.Boolean Text.TextSpan::Contains(System.Int32,System.Int32)
DA:37,7
DA:38,7
DA:39,1
DA:40,1
DA:43,6
DA:44,1
DA:45,1
DA:48,5
DA:49,1
DA:50,1
DA:53,4
DA:54,7
BRDA:38,8,0,7
BRDA:38,8,1,0
BRDA:38,24,0,1
BRDA:38,24,1,6
BRDA:43,38,0,2
BRDA:43,38,1,4
BRDA:43,54,0,1
BRDA:43,54,1,5
BRDA:48,68,0,2
BRDA:48,68,1,3
BRDA:48,84,0,1
BRDA:48,84,1,4
FN:56,System.String Text.TextSpan::GetContent(Text.TextDocument)
FNDA:11,System.String Text.TextSpan::GetContent(Text.TextDocument)
DA:57,11
DA:58,11
DA:59,6
DA:60,6
DA:61,5
DA:62,5
DA:65,1
DA:66,1
DA:67,1
DA:70,0
DA:73,5
DA:74,5
DA:75,20
DA:76,5
DA:77,5
DA:78,5
DA:79,5
DA:81,5
DA:82,11
BRDA:58,17,0,6
BRDA:60,29,0,6
BRDA:60,29,1,0
BRDA:60,66,0,5
BRDA:60,66,1,1
BRDA:65,110,0,1
BRDA:65,110,1,0
BRDA:58,17,1,5
BRDA:75,304,1,5
BRDA:75,304,0,5
FN:96,System.Int32 Text.TextSpan::SetContent(Text.TextDocument,Text.UpdateOptions,System.String[])
FNDA:35,System.Int32 Text.TextSpan::SetContent(Text.TextDocument,Text.UpdateOptions,System.String[])
DA:97,35
DA:98,35
DA:99,35
DA:100,35
DA:102,35
DA:103,25
DA:104,25
DA:105,25
DA:108,25
DA:109,6
DA:110,6
DA:112,19
DA:114,10
DA:116,92
DA:117,36
DA:118,36
DA:119,36
DA:120,36
DA:121,10
DA:126,29
DA:127,3
DA:128,3
DA:130,3
DA:131,2
DA:132,2
DA:133,2
DA:135,3
DA:136,0
DA:137,0
DA:139,0
DA:140,0
DA:141,0
DA:143,3
DA:144,3
DA:145,3
DA:147,3
DA:148,3
DA:149,3
DA:150,0
DA:151,0
DA:152,0
DA:153,0
DA:155,3
DA:156,3
DA:157,3
DA:158,3
DA:160,3
DA:161,3
DA:162,3
DA:164,26
DA:165,26
DA:166,26
DA:167,1
DA:168,1
DA:169,1
DA:170,1
DA:171,1
DA:173,26
DA:174,22
DA:175,22
DA:176,22
DA:177,22
DA:179,26
DA:180,2
DA:181,2
DA:182,2
DA:183,2
DA:184,26
DA:254,29
DA:255,35
BRDA:102,95,0,25
BRDA:108,126,0,22
BRDA:108,134,0,19
BRDA:108,126,1,6
BRDA:108,134,1,6
BRDA:108,148,0,6
BRDA:108,148,1,19
BRDA:102,95,1,10
BRDA:116,220,1,36
BRDA:116,220,0,10
BRDA:126,244,0,3
BRDA:130,270,0,2
BRDA:130,270,1,3
BRDA:135,293,0,0
BRDA:135,293,1,3
BRDA:147,369,0,3
BRDA:149,393,0,0
BRDA:149,393,1,3
BRDA:147,369,1,3
BRDA:126,244,1,26
BRDA:166,490,0,1
BRDA:166,490,1,26
BRDA:173,529,0,22
BRDA:175,546,0,21
BRDA:175,546,1,1
BRDA:173,529,1,26
BRDA:179,580,0,2
BRDA:179,580,1,26
FN:257,System.Int32 Text.TextSpan::RemoveContent(Text.TextDocument)
FNDA:5,System.Int32 Text.TextSpan::RemoveContent(Text.TextDocument)
DA:258,5
DA:259,5
DA:260,5
FN:18,System.Void Text.TextSpan::.ctor(System.Int32,System.Int32,System.Int32,System.Int32)
FNDA:57,System.Void Text.TextSpan::.ctor(System.Int32,System.Int32,System.Int32,System.Int32)
DA:19,57
DA:20,57
DA:21,57
DA:22,57
DA:23,57
DA:24,57
LF:117
LH:107
BRF:50
BRH:45
FNF:10
FNH:10
end_of_record
SF:C:\Users\JamesDraycott\OneDrive - AMT\Documents\Repos\scripts\src\Compiler\Text\Updater.cs
FN:10,Text.TextSpan Text.Updater.SpanUpdateInfo::get_TextSpan()
FNDA:0,Text.TextSpan Text.Updater.SpanUpdateInfo::get_TextSpan()
DA:11,0
FN:11,System.Int32 Text.Updater.SpanUpdateInfo::get_Offset()
FNDA:0,System.Int32 Text.Updater.SpanUpdateInfo::get_Offset()
DA:12,0
FN:9,System.Void Text.Updater.SpanUpdateInfo::.ctor(Text.TextSpan,System.Int32)
FNDA:22,System.Void Text.Updater.SpanUpdateInfo::.ctor(Text.TextSpan,System.Int32)
DA:10,22
DA:13,22
FN:43,System.Func`2<System.String[],System.String[]> Text.Updater.PatternUpdater::get_Updater()
FNDA:6,System.Func`2<System.String[],System.String[]> Text.Updater.PatternUpdater::get_Updater()
DA:44,6
FN:44,System.Text.RegularExpressions.Regex Text.Updater.PatternUpdater::get_StartingPattern()
FNDA:21,System.Text.RegularExpressions.Regex Text.Updater.PatternUpdater::get_StartingPattern()
DA:45,21
FN:45,System.Text.RegularExpressions.Regex Text.Updater.PatternUpdater::get_EndingPattern()
FNDA:18,System.Text.RegularExpressions.Regex Text.Updater.PatternUpdater::get_EndingPattern()
DA:46,18
FN:48,Text.Updater.SpanUpdateInfo[] Text.Updater.PatternUpdater::Apply(Text.TextDocument)
FNDA:3,Text.Updater.SpanUpdateInfo[] Text.Updater.PatternUpdater::Apply(Text.TextDocument)
DA:49,3
DA:50,3
DA:51,3
DA:52,3
DA:54,6
DA:55,6
DA:56,6
DA:57,6
DA:58,3
DA:59,3
DA:62,3
DA:63,3
DA:65,3
DA:66,3
DA:67,3
DA:68,3
DA:69,3
DA:70,3
DA:72,3
DA:73,3
BRDA:57,56,0,3
BRDA:57,56,1,3
BRDA:57,70,0,3
BRDA:57,70,1,3
FN:85,System.ValueTuple`2<System.Int32,System.Int32> Text.Updater.PatternUpdater::FindStartToEndBlock(System.String[],System.Int32,System.Collections.Generic.HashSet`1<System.Range>)
FNDA:6,System.ValueTuple`2<System.Int32,System.Int32> Text.Updater.PatternUpdater::FindStartToEndBlock(System.String[],System.Int32,System.Collections.Generic.HashSet`1<System.Range>)
DA:86,6
DA:87,6
DA:88,2
DA:89,2
DA:92,4
DA:93,4
DA:94,4
DA:96,42
DA:97,20
DA:98,20
DA:99,25
DA:100,5
DA:101,5
DA:104,15
DA:105,15
DA:106,3
DA:107,3
DA:108,3
DA:109,3
DA:110,3
DA:112,3
DA:113,3
DA:117,15
DA:118,3
DA:119,3
DA:120,3
DA:122,15
DA:123,15
DA:124,3
DA:125,3
DA:127,3
DA:128,3
DA:129,3
DA:130,3
DA:132,0
DA:133,12
DA:135,4
DA:136,6
BRDA:87,21,0,4
BRDA:87,32,0,4
BRDA:87,21,1,2
BRDA:87,32,1,2
BRDA:87,46,0,2
BRDA:87,46,1,4
BRDA:96,370,1,20
BRDA:99,153,0,5
BRDA:99,153,1,15
BRDA:105,190,0,3
BRDA:107,201,0,3
BRDA:107,201,1,3
BRDA:105,190,1,15
BRDA:117,238,0,3
BRDA:117,238,1,15
BRDA:123,298,0,3
BRDA:127,319,0,3
BRDA:127,319,1,0
BRDA:123,298,1,12
BRDA:96,370,0,4
BRDA:99,33,0,5
BRDA:99,33,1,0
FN:34,System.Void Text.Updater.PatternUpdater::.ctor(System.Text.RegularExpressions.Regex,System.Text.RegularExpressions.Regex,Text.UpdateOptions,System.Func`2<System.String[],System.String[]>)
FNDA:3,System.Void Text.Updater.PatternUpdater::.ctor(System.Text.RegularExpressions.Regex,System.Text.RegularExpressions.Regex,Text.UpdateOptions,System.Func`2<System.String[],System.String[]>)
DA:35,3
DA:36,3
DA:37,3
DA:38,3
DA:39,3
DA:40,3
FN:41,System.Void Text.Updater.PatternUpdater::.cctor()
FNDA:0,System.Void Text.Updater.PatternUpdater::.cctor()
DA:42,0
FN:146,System.Func`2<System.Text.RegularExpressions.Match,System.String> Text.Updater.RegexUpdater::get_Updater()
FNDA:19,System.Func`2<System.Text.RegularExpressions.Match,System.String> Text.Updater.RegexUpdater::get_Updater()
DA:147,19
FN:150,System.Text.RegularExpressions.Regex Text.Updater.RegexUpdater::get_Pattern()
FNDA:10,System.Text.RegularExpressions.Regex Text.Updater.RegexUpdater::get_Pattern()
DA:151,10
DA:152,10
DA:153,4
DA:154,4
DA:157,6
DA:158,6
DA:160,10
BRDA:152,25,0,4
BRDA:152,25,1,6
FN:169,Text.Updater.SpanUpdateInfo[] Text.Updater.RegexUpdater::Apply(Text.TextDocument)
FNDA:5,Text.Updater.SpanUpdateInfo[] Text.Updater.RegexUpdater::Apply(Text.TextDocument)
DA:170,5
DA:171,5
DA:172,5
DA:174,5
DA:175,5
DA:176,5
DA:178,5
DA:179,0
DA:180,0
DA:183,63
DA:184,24
DA:186,24
DA:187,10
DA:188,10
DA:191,14
DA:192,14
DA:193,14
DA:194,143
DA:195,289
DA:196,14
DA:200,14
DA:201,2
DA:202,2
DA:203,2
DA:204,2
DA:206,12
DA:207,12
DA:208,12
DA:209,12
DA:211,14
DA:212,14
DA:213,14
DA:214,14
DA:215,14
DA:216,14
DA:218,14
DA:221,14
DA:222,4
DA:223,4
DA:224,4
DA:226,10
DA:227,10
DA:228,10
DA:229,2
DA:230,2
DA:231,2
DA:232,10
DA:234,14
DA:235,14
DA:236,14
DA:238,5
DA:239,5
BRDA:178,63,0,0
BRDA:178,63,1,5
BRDA:183,570,1,24
BRDA:186,115,0,10
BRDA:186,115,1,14
BRDA:186,141,0,10
BRDA:186,141,1,14
BRDA:196,312,0,2
BRDA:196,312,1,12
BRDA:200,339,0,2
BRDA:200,339,1,12
BRDA:221,425,0,5
BRDA:221,429,0,5
BRDA:221,425,1,9
BRDA:221,429,1,9
BRDA:221,465,0,4
BRDA:221,465,1,10
BRDA:228,517,0,2
BRDA:228,517,1,10
BRDA:183,570,0,5
FN:138,System.Void Text.Updater.RegexUpdater::.ctor(System.String,Text.UpdateOptions,System.Func`2<System.Text.RegularExpressions.Match,System.String>)
FNDA:5,System.Void Text.Updater.RegexUpdater::.ctor(System.String,Text.UpdateOptions,System.Func`2<System.Text.RegularExpressions.Match,System.String>)
DA:139,5
DA:140,5
DA:141,5
DA:142,5
DA:143,5
FN:144,System.Void Text.Updater.RegexUpdater::.cctor()
FNDA:0,System.Void Text.Updater.RegexUpdater::.cctor()
DA:145,0
FN:259,Text.TextSpan Text.Updater.ExactUpdater::get_Span()
FNDA:130,Text.TextSpan Text.Updater.ExactUpdater::get_Span()
DA:260,130
FN:262,Text.Updater.SpanUpdateInfo[] Text.Updater.ExactUpdater::Apply(Text.TextDocument)
FNDA:5,Text.Updater.SpanUpdateInfo[] Text.Updater.ExactUpdater::Apply(Text.TextDocument)
DA:263,5
DA:264,5
DA:265,0
DA:266,0
DA:269,5
DA:270,0
DA:271,0
DA:272,0
DA:275,5
DA:276,0
DA:277,0
DA:278,0
DA:281,5
DA:284,0
DA:285,0
DA:286,5
DA:287,0
DA:288,0
DA:289,5
DA:290,0
DA:291,0
DA:292,5
DA:293,0
DA:294,0
DA:297,5
DA:298,5
DA:299,5
DA:301,5
DA:302,0
DA:303,0
DA:304,5
DA:305,0
DA:306,0
DA:307,5
DA:308,0
DA:309,0
DA:314,5
DA:315,0
DA:316,0
DA:317,0
DA:318,0
DA:319,0
DA:321,5
DA:322,5
DA:324,5
DA:325,5
DA:327,5
DA:328,5
DA:329,5
DA:331,5
DA:332,5
BRDA:264,13,0,5
BRDA:264,13,1,0
BRDA:264,49,0,0
BRDA:264,49,1,5
BRDA:269,92,0,0
BRDA:269,92,1,5
BRDA:275,234,0,0
BRDA:275,234,1,5
BRDA:275,267,0,0
BRDA:275,267,1,5
BRDA:281,396,1,0
BRDA:281,396,0,5
BRDA:286,440,1,0
BRDA:286,440,0,5
BRDA:289,499,1,0
BRDA:289,499,0,5
BRDA:292,648,1,0
BRDA:292,648,0,5
BRDA:301,872,0,5
BRDA:301,872,1,0
BRDA:304,1007,1,0
BRDA:304,1007,0,5
BRDA:307,1146,0,0
BRDA:307,1170,1,0
BRDA:307,1146,1,5
BRDA:307,1170,0,5
BRDA:314,1319,0,0
BRDA:314,1319,1,5
FN:334,System.Void Text.Updater.ExactUpdater::PushByUpdate(Text.Updater.SpanUpdateInfo)
FNDA:0,System.Void Text.Updater.ExactUpdater::PushByUpdate(Text.Updater.SpanUpdateInfo)
DA:335,0
DA:336,0
DA:338,0
DA:339,0
DA:340,0
DA:341,0
DA:342,0
DA:344,0
DA:345,0
DA:346,0
DA:347,0
DA:348,0
DA:349,0
BRDA:338,93,0,0
BRDA:338,93,1,0
BRDA:344,266,0,0
BRDA:344,266,1,0
FN:247,System.Void Text.Updater.ExactUpdater::.ctor(System.Int32,System.Int32,System.Int32,System.Int32,Text.UpdateOptions,System.Func`2<System.String[],System.String[]>)
FNDA:5,System.Void Text.Updater.ExactUpdater::.ctor(System.Int32,System.Int32,System.Int32,System.Int32,Text.UpdateOptions,System.Func`2<System.String[],System.String[]>)
DA:248,5
DA:249,5
DA:250,5
DA:251,5
DA:252,5
DA:253,5
DA:254,5
DA:255,5
DA:259,5
FN:256,System.Void Text.Updater.ExactUpdater::.cctor()
FNDA:0,System.Void Text.Updater.ExactUpdater::.cctor()
DA:257,0
LF:213
LH:165
BRF:80
BRH:59
FNF:20
FNH:14
end_of_record
SF:C:\Users\JamesDraycott\OneDrive - AMT\Documents\Repos\scripts\src\Compiler\AstHelper.cs
FN:8,System.Collections.Generic.Dictionary`2<System.String,System.Collections.Generic.Dictionary`2<System.String,System.Object>> Compiler.AstHelper::FindDeclaredModules(System.Management.Automation.Language.Ast)
FNDA:0,System.Collections.Generic.Dictionary`2<System.String,System.Collections.Generic.Dictionary`2<System.String,System.Object>> Compiler.AstHelper::FindDeclaredModules(System.Management.Automation.Language.Ast)
DA:9,0
DA:10,0
DA:12,0
DA:13,0
DA:14,0
DA:16,0
DA:17,0
DA:18,0
DA:20,0
DA:21,0
DA:22,0
DA:23,0
DA:24,0
DA:25,0
DA:26,0
DA:27,0
DA:28,0
DA:30,0
DA:31,0
DA:32,0
DA:35,0
DA:36,0
DA:37,0
DA:38,0
DA:39,0
DA:42,0
DA:43,0
DA:44,0
DA:45,0
DA:47,0
DA:48,0
DA:49,0
DA:50,0
DA:51,0
DA:53,0
DA:55,0
DA:56,0
DA:58,0
DA:60,0
DA:61,0
BRDA:12,547,1,0
BRDA:14,83,1,0
BRDA:16,97,1,0
BRDA:16,97,0,0
BRDA:20,141,1,0
BRDA:23,247,1,0
BRDA:23,247,0,0
BRDA:30,267,0,0
BRDA:30,267,1,0
BRDA:35,469,1,0
BRDA:37,326,0,0
BRDA:37,326,1,0
BRDA:42,346,0,0
BRDA:42,346,1,0
BRDA:42,375,0,0
BRDA:42,375,1,0
BRDA:47,412,0,0
BRDA:47,412,1,0
BRDA:47,441,0,0
BRDA:47,441,1,0
BRDA:35,469,0,0
BRDA:14,83,0,0
BRDA:20,141,0,0
BRDA:12,547,0,0
BRDA:12,8,0,0
BRDA:12,8,1,0
LF:40
LH:0
BRF:26
BRH:0
FNF:1
FNH:0
end_of_record
SF:C:\Users\JamesDraycott\OneDrive - AMT\Documents\Repos\scripts\src\Compiler\Requirements\ModuleSpec.cs
FN:8,System.String Compiler.Requirements.ModuleSpec::get_Name()
FNDA:57,System.String Compiler.Requirements.ModuleSpec::get_Name()
DA:9,57
FN:9,System.Nullable`1<System.Guid> Compiler.Requirements.ModuleSpec::get_Guid()
FNDA:108,System.Nullable`1<System.Guid> Compiler.Requirements.ModuleSpec::get_Guid()
DA:10,108
FN:10,System.Version Compiler.Requirements.ModuleSpec::get_MinimumVersion()
FNDA:140,System.Version Compiler.Requirements.ModuleSpec::get_MinimumVersion()
DA:11,140
FN:11,System.Version Compiler.Requirements.ModuleSpec::get_MaximumVersion()
FNDA:122,System.Version Compiler.Requirements.ModuleSpec::get_MaximumVersion()
DA:12,122
FN:12,System.Version Compiler.Requirements.ModuleSpec::get_RequiredVersion()
FNDA:54,System.Version Compiler.Requirements.ModuleSpec::get_RequiredVersion()
DA:13,54
FN:13,Compiler.Requirements.ModuleType Compiler.Requirements.ModuleSpec::get_Type()
FNDA:2,Compiler.Requirements.ModuleType Compiler.Requirements.ModuleSpec::get_Type()
DA:14,2
FN:19,Compiler.Requirements.ModuleSpec Compiler.Requirements.ModuleSpec::MergeSpecs(Compiler.Requirements.ModuleSpec[])
FNDA:0,Compiler.Requirements.ModuleSpec Compiler.Requirements.ModuleSpec::MergeSpecs(Compiler.Requirements.ModuleSpec[])
DA:20,0
DA:21,0
DA:22,0
DA:23,0
DA:25,0
DA:26,0
DA:27,0
DA:28,0
DA:29,0
DA:30,0
DA:31,0
DA:33,0
DA:34,0
DA:35,0
DA:36,0
DA:37,0
DA:39,0
DA:40,0
DA:41,0
DA:43,0
DA:45,0
DA:46,0
BRDA:25,503,1,0
BRDA:27,53,0,0
BRDA:27,62,0,0
BRDA:27,62,1,0
BRDA:27,53,1,0
BRDA:27,87,0,0
BRDA:27,87,1,0
BRDA:33,248,0,0
BRDA:33,257,0,0
BRDA:33,257,1,0
BRDA:33,248,1,0
BRDA:33,282,0,0
BRDA:33,282,1,0
BRDA:39,443,0,0
BRDA:39,452,0,0
BRDA:39,452,1,0
BRDA:39,443,1,0
BRDA:39,477,0,0
BRDA:39,477,1,0
BRDA:25,503,0,0
FN:48,System.String Compiler.Requirements.ModuleSpec::GetInsertableLine()
FNDA:5,System.String Compiler.Requirements.ModuleSpec::GetInsertableLine()
DA:49,5
DA:50,5
DA:52,5
DA:53,9
DA:54,5
DA:55,7
DA:56,6
DA:57,5
DA:59,5
DA:60,5
BRDA:53,91,0,4
BRDA:53,91,1,5
BRDA:54,195,0,2
BRDA:54,195,1,3
BRDA:55,258,0,2
BRDA:55,258,1,5
BRDA:56,338,0,1
BRDA:56,338,1,5
FN:62,Compiler.Module.ModuleMatch Compiler.Requirements.ModuleSpec::CompareTo(Compiler.Requirements.ModuleSpec)
FNDA:25,Compiler.Module.ModuleMatch Compiler.Requirements.ModuleSpec::CompareTo(Compiler.Requirements.ModuleSpec)
DA:63,25
DA:64,25
DA:65,25
DA:67,25
DA:68,25
DA:69,25
DA:72,3
DA:74,5
DA:75,5
DA:77,5
DA:78,5
DA:79,12
DA:80,2
DA:81,2
DA:82,10
DA:83,3
DA:84,3
DA:87,25
DA:90,7
DA:92,3
DA:93,3
DA:95,4
DA:96,4
DA:97,11
DA:98,3
DA:99,3
DA:100,8
DA:101,2
DA:102,2
DA:105,26
DA:106,25
DA:108,23
DA:111,14
DA:112,4
DA:113,2
DA:114,3
DA:115,2
DA:117,1
DA:118,1
DA:119,1
DA:121,2
DA:122,2
DA:123,2
DA:124,2
DA:125,1
DA:129,19
DA:130,22
DA:131,19
DA:133,5
DA:134,25
BRDA:64,20,0,0
BRDA:64,20,1,25
BRDA:65,44,0,24
BRDA:65,61,0,24
BRDA:65,93,0,0
BRDA:65,93,1,24
BRDA:65,105,0,0
BRDA:65,105,1,24
BRDA:65,44,1,1
BRDA:65,61,1,1
BRDA:65,136,0,0
BRDA:65,136,1,25
BRDA:69,183,0,8
BRDA:69,183,1,17
BRDA:69,196,0,5
BRDA:69,211,1,5
BRDA:69,211,0,12
BRDA:79,234,1,2
BRDA:79,234,0,10
BRDA:82,259,1,3
BRDA:69,196,1,25
BRDA:82,259,0,25
BRDA:87,301,0,10
BRDA:87,301,1,15
BRDA:87,314,0,3
BRDA:87,329,1,4
BRDA:87,329,0,11
BRDA:97,352,1,3
BRDA:97,352,0,8
BRDA:100,377,1,2
BRDA:87,314,1,25
BRDA:100,377,0,25
BRDA:105,397,0,17
BRDA:105,411,0,12
BRDA:105,397,1,13
BRDA:105,411,1,13
BRDA:105,437,0,1
BRDA:105,437,1,24
BRDA:106,458,0,17
BRDA:106,472,0,12
BRDA:106,458,1,12
BRDA:106,472,1,12
BRDA:106,498,0,1
BRDA:106,498,1,23
BRDA:108,541,0,18
BRDA:108,541,1,5
BRDA:108,554,0,4
BRDA:112,588,0,3
BRDA:112,588,1,2
BRDA:112,603,1,2
BRDA:108,569,1,3
BRDA:114,624,0,2
BRDA:114,624,1,2
BRDA:114,639,1,2
BRDA:114,639,0,1
BRDA:112,603,0,2
BRDA:108,569,0,2
BRDA:124,676,1,1
BRDA:108,554,1,18
BRDA:124,676,0,18
BRDA:129,691,0,1
BRDA:129,691,1,17
BRDA:130,702,0,5
BRDA:130,702,1,12
BRDA:131,713,0,7
BRDA:131,713,1,5
FN:14,System.Void Compiler.Requirements.ModuleSpec::.ctor(System.String,System.Nullable`1<System.Guid>,System.Version,System.Version,System.Version,Compiler.Requirements.ModuleType)
FNDA:57,System.Void Compiler.Requirements.ModuleSpec::.ctor(System.String,System.Nullable`1<System.Guid>,System.Version,System.Version,System.Version,Compiler.Requirements.ModuleType)
DA:15,57
FN:16,System.Void Compiler.Requirements.ModuleSpec::.cctor()
FNDA:0,System.Void Compiler.Requirements.ModuleSpec::.cctor()
DA:17,0
LF:90
LH:67
BRF:94
BRH:70
FNF:11
FNH:9
end_of_record
SF:C:\Users\JamesDraycott\OneDrive - AMT\Documents\Repos\scripts\src\Compiler\Requirements\PSEdition.cs
FN:5,Compiler.Requirements.PSEdition Compiler.Requirements.PSEditionRequirement::get_Edition()
FNDA:18,Compiler.Requirements.PSEdition Compiler.Requirements.PSEditionRequirement::get_Edition()
DA:6,18
FN:11,System.String Compiler.Requirements.PSEditionRequirement::GetInsertableLine()
FNDA:2,System.String Compiler.Requirements.PSEditionRequirement::GetInsertableLine()
DA:12,2
FN:19,System.Boolean Compiler.Requirements.PSEditionRequirement::IsCompatibleWith(Compiler.Requirements.Requirement)
FNDA:8,System.Boolean Compiler.Requirements.PSEditionRequirement::IsCompatibleWith(Compiler.Requirements.Requirement)
DA:20,8
DA:21,8
DA:22,2
DA:23,2
DA:26,6
DA:27,8
BRDA:21,14,0,2
BRDA:21,14,1,6
LF:8
LH:8
BRF:2
BRH:2
FNF:3
FNH:3
end_of_record
SF:C:\Users\JamesDraycott\OneDrive - AMT\Documents\Repos\scripts\src\Compiler\Requirements\PSVersion.cs
FN:4,System.Version Compiler.Requirements.PSVersionRequirement::get_Version()
FNDA:4,System.Version Compiler.Requirements.PSVersionRequirement::get_Version()
DA:5,4
FN:6,System.String Compiler.Requirements.PSVersionRequirement::GetInsertableLine()
FNDA:0,System.String Compiler.Requirements.PSVersionRequirement::GetInsertableLine()
DA:7,0
FN:9,System.Boolean Compiler.Requirements.PSVersionRequirement::IsCompatibleWith(Compiler.Requirements.Requirement)
FNDA:0,System.Boolean Compiler.Requirements.PSVersionRequirement::IsCompatibleWith(Compiler.Requirements.Requirement)
DA:10,0
DA:11,0
DA:12,0
DA:13,0
DA:14,0
DA:15,0
BRDA:10,18,1,0
BRDA:12,44,1,0
BRDA:12,44,0,0
BRDA:13,69,0,0
BRDA:13,69,1,0
BRDA:13,83,0,0
BRDA:13,97,0,0
BRDA:13,83,1,0
BRDA:13,111,1,0
BRDA:10,18,0,0
BRDA:13,97,1,0
BRDA:13,111,0,0
LF:8
LH:1
BRF:12
BRH:0
FNF:3
FNH:1
end_of_record
SF:C:\Users\JamesDraycott\OneDrive - AMT\Documents\Repos\scripts\src\Compiler\Requirements\Requirements.cs
FN:9,System.Collections.Hashtable Compiler.Requirements.RequirementGroup::get_StoredRequirements()
FNDA:12,System.Collections.Hashtable Compiler.Requirements.RequirementGroup::get_StoredRequirements()
DA:10,12
FN:17,System.Void Compiler.Requirements.RequirementGroup::AddRequirement(Compiler.Requirements.Requirement)
FNDA:4,System.Void Compiler.Requirements.RequirementGroup::AddRequirement(Compiler.Requirements.Requirement)
DA:18,4
DA:19,4
DA:20,4
DA:21,4
DA:22,4
DA:24,0
DA:25,0
DA:26,0
DA:27,4
BRDA:19,23,0,4
BRDA:19,23,1,0
FN:29,System.Collections.Generic.List`1<T> Compiler.Requirements.RequirementGroup::GetRequirements()
FNDA:0,System.Collections.Generic.List`1<T> Compiler.Requirements.RequirementGroup::GetRequirements()
DA:30,0
DA:31,0
DA:32,0
DA:33,0
DA:36,0
DA:37,0
BRDA:31,24,0,0
BRDA:33,59,0,0
BRDA:33,59,1,0
BRDA:31,24,1,0
FN:39,System.Collections.Generic.List`1<Compiler.Requirements.Requirement> Compiler.Requirements.RequirementGroup::GetRequirements()
FNDA:4,System.Collections.Generic.List`1<Compiler.Requirements.Requirement> Compiler.Requirements.RequirementGroup::GetRequirements()
DA:40,4
DA:41,8
DA:42,4
FN:45,System.Boolean Compiler.Requirements.RequirementGroup::VerifyRequirements()
FNDA:0,System.Boolean Compiler.Requirements.RequirementGroup::VerifyRequirements()
DA:46,0
DA:47,0
DA:48,0
DA:49,0
DA:50,0
DA:51,0
DA:52,0
DA:53,0
DA:54,0
DA:57,0
DA:58,0
DA:59,0
DA:61,0
DA:62,0
BRDA:47,262,1,0
BRDA:49,232,1,0
BRDA:51,69,0,0
BRDA:51,69,1,0
BRDA:49,232,0,0
BRDA:47,262,0,0
FN:11,System.Void Compiler.Requirements.RequirementGroup::.ctor()
FNDA:4,System.Void Compiler.Requirements.RequirementGroup::.ctor()
DA:12,4
DA:13,4
DA:14,4
DA:15,4
FN:8,System.Void Compiler.Requirements.RequirementGroup::.cctor()
FNDA:0,System.Void Compiler.Requirements.RequirementGroup::.cctor()
DA:9,0
FN:64,System.Boolean Compiler.Requirements.Requirement::get_SupportsMultiple()
FNDA:79,System.Boolean Compiler.Requirements.Requirement::get_SupportsMultiple()
DA:65,79
LF:39
LH:15
BRF:12
BRH:1
FNF:8
FNH:5
end_of_record
SF:C:\Users\JamesDraycott\OneDrive - AMT\Documents\Repos\scripts\src\Compiler\Requirements\RunAsAdmin.cs
FN:4,System.Void Compiler.Requirements.RunAsAdminRequirement::.ctor()
FNDA:2,System.Void Compiler.Requirements.RunAsAdminRequirement::.ctor()
DA:5,2
LF:1
LH:1
BRF:0
BRH:0
FNF:1
FNH:1
end_of_record
SF:C:\Users\JamesDraycott\OneDrive - AMT\Documents\Repos\scripts\src\Compiler\Module\Local.cs
FN:65,System.Management.Automation.Language.ScriptBlockAst Compiler.Module.LocalFileModule::GetAstReportingErrors(System.String)
FNDA:0,System.Management.Automation.Language.ScriptBlockAst Compiler.Module.LocalFileModule::GetAstReportingErrors(System.String)
DA:66,0
DA:67,0
DA:69,0
DA:70,0
DA:71,0
DA:72,0
DA:73,0
DA:76,0
DA:77,0
BRDA:70,67,0,0
BRDA:70,67,1,0
FN:79,System.Void Compiler.Module.LocalFileModule::FixAndCleanLines()
FNDA:0,System.Void Compiler.Module.LocalFileModule::FixAndCleanLines()
DA:80,0
DA:82,0
DA:83,0
DA:84,0
DA:85,0
DA:86,0
DA:87,0
DA:88,0
DA:89,0
DA:90,0
DA:91,0
DA:92,0
DA:93,0
DA:94,0
DA:95,0
DA:96,0
DA:97,0
DA:98,0
DA:99,0
DA:100,0
DA:101,0
DA:102,0
DA:103,0
DA:104,0
DA:105,0
DA:106,0
DA:107,0
DA:108,0
DA:109,0
DA:110,0
DA:111,0
DA:115,0
DA:116,0
DA:117,0
DA:118,0
DA:121,0
DA:124,0
DA:127,0
DA:128,0
BRDA:91,34,0,0
BRDA:91,34,1,0
BRDA:91,52,0,0
BRDA:91,52,1,0
BRDA:102,12,0,0
BRDA:102,12,1,0
FN:130,Compiler.Module.ModuleMatch Compiler.Module.LocalFileModule::GetModuleMatchFor(Compiler.Requirements.ModuleSpec)
FNDA:0,Compiler.Module.ModuleMatch Compiler.Module.LocalFileModule::GetModuleMatchFor(Compiler.Requirements.ModuleSpec)
DA:131,0
DA:133,0
DA:134,0
DA:135,0
DA:138,0
DA:139,0
BRDA:133,25,0,0
BRDA:133,25,1,0
FN:141,Compiler.Module.LocalFileModule Compiler.Module.LocalFileModule::FromFile(System.String)
FNDA:0,Compiler.Module.LocalFileModule Compiler.Module.LocalFileModule::FromFile(System.String)
DA:142,0
DA:143,0
DA:144,0
FN:152,System.String Compiler.Module.LocalFileModule::GetContent(System.Int32)
FNDA:0,System.String Compiler.Module.LocalFileModule::GetContent(System.Int32)
DA:153,0
DA:154,0
DA:155,0
DA:156,0
DA:157,0
DA:158,0
DA:159,0
DA:160,0
FN:21,System.Void Compiler.Module.LocalFileModule::<.ctor>b__2_0(System.Collections.Generic.KeyValuePair`2<System.String,System.Collections.Generic.Dictionary`2<System.String,System.Object>>)
FNDA:0,System.Void Compiler.Module.LocalFileModule::<.ctor>b__2_0(System.Collections.Generic.KeyValuePair`2<System.String,System.Collections.Generic.Dictionary`2<System.String,System.Object>>)
DA:22,0
DA:23,0
DA:24,0
DA:25,0
DA:26,0
DA:27,0
DA:28,0
DA:29,0
DA:30,0
BRDA:23,33,0,0
BRDA:23,33,1,0
BRDA:23,82,0,0
BRDA:23,82,1,0
BRDA:23,117,0,0
BRDA:23,117,1,0
BRDA:23,152,0,0
BRDA:23,152,1,0
FN:14,System.Void Compiler.Module.LocalFileModule::.ctor(System.String,System.String[])
FNDA:0,System.Void Compiler.Module.LocalFileModule::.ctor(System.String,System.String[])
DA:15,0
DA:16,0
DA:17,0
DA:19,0
DA:21,0
DA:32,0
DA:33,0
DA:34,0
DA:36,0
DA:39,0
DA:40,0
DA:41,0
DA:43,0
DA:44,0
DA:45,0
DA:46,0
DA:47,0
DA:48,0
DA:49,0
DA:51,0
DA:53,0
DA:54,0
DA:55,0
DA:56,0
DA:59,0
DA:62,0
DA:63,0
BRDA:32,444,1,0
BRDA:36,195,0,0
BRDA:36,195,1,0
BRDA:36,209,1,0
BRDA:44,403,1,0
BRDA:36,209,0,0
BRDA:44,403,0,0
BRDA:32,444,0,0
LF:101
LH:0
BRF:26
BRH:0
FNF:7
FNH:0
end_of_record
SF:C:\Users\JamesDraycott\OneDrive - AMT\Documents\Repos\scripts\src\Compiler\Module\Module.cs
FN:6,System.String Compiler.Module.Module::get_Name()
FNDA:0,System.String Compiler.Module.Module::get_Name()
DA:7,0
FN:7,System.Version Compiler.Module.Module::get_Version()
FNDA:0,System.Version Compiler.Module.Module::get_Version()
DA:8,0
BRDA:8,12,0,0
BRDA:8,12,1,0
FN:8,Compiler.Requirements.ModuleSpec Compiler.Module.Module::get_ModuleSpec()
FNDA:0,Compiler.Requirements.ModuleSpec Compiler.Module.Module::get_ModuleSpec()
DA:9,0
FN:9,Compiler.Requirements.RequirementGroup Compiler.Module.Module::get_Requirements()
FNDA:0,Compiler.Requirements.RequirementGroup Compiler.Module.Module::get_Requirements()
DA:10,0
FN:16,System.String Compiler.Module.Module::GetInsertableContent(System.Int32)
FNDA:0,System.String Compiler.Module.Module::GetInsertableContent(System.Int32)
DA:17,0
DA:18,0
DA:19,0
DA:20,0
DA:21,0
DA:22,0
DA:23,0
DA:24,0
DA:25,0
FN:4,System.Void Compiler.Module.Module::.ctor(Compiler.Requirements.ModuleSpec)
FNDA:0,System.Void Compiler.Module.Module::.ctor(Compiler.Requirements.ModuleSpec)
DA:5,0
LF:14
LH:0
BRF:2
BRH:0
FNF:6
FNH:0
end_of_record
SF:C:\Users\JamesDraycott\OneDrive - AMT\Documents\Repos\scripts\src\Compiler\Module\Remote.cs
FN:6,System.Byte[] Compiler.Module.RemoteModule::get_Bytes()
FNDA:0,System.Byte[] Compiler.Module.RemoteModule::get_Bytes()
DA:7,0
FN:12,Compiler.Module.RemoteModule Compiler.Module.RemoteModule::FromModuleRequirement(Compiler.Requirements.ModuleSpec)
FNDA:0,Compiler.Module.RemoteModule Compiler.Module.RemoteModule::FromModuleRequirement(Compiler.Requirements.ModuleSpec)
DA:13,0
DA:18,0
DA:20,0
DA:21,0
FN:23,Compiler.Module.ModuleMatch Compiler.Module.RemoteModule::GetModuleMatchFor(Compiler.Requirements.ModuleSpec)
FNDA:0,Compiler.Module.ModuleMatch Compiler.Module.RemoteModule::GetModuleMatchFor(Compiler.Requirements.ModuleSpec)
DA:24,0
DA:25,0
FN:28,System.String Compiler.Module.RemoteModule::GetContent(System.Int32)
FNDA:0,System.String Compiler.Module.RemoteModule::GetContent(System.Int32)
DA:29,0
DA:31,0
FN:34,System.Byte[] Compiler.Module.RemoteModule::GetBinaryZip(System.String)
FNDA:0,System.Byte[] Compiler.Module.RemoteModule::GetBinaryZip(System.String)
DA:35,0
DA:37,0
DA:38,0
FN:4,System.Void Compiler.Module.RemoteModule::.ctor(System.String,System.Byte[])
FNDA:0,System.Void Compiler.Module.RemoteModule::.ctor(System.String,System.Byte[])
DA:5,0
LF:13
LH:0
BRF:0
BRH:0
FNF:6
FNH:0
end_of_record